\BOOKMARK [0][]{Inhaltsverzeichnis.0}{Inhaltsverzeichnis}{}% 1
\BOOKMARK [0][]{chapter.1}{1 Einleitung}{}% 2
\BOOKMARK [1][-]{section.1.1}{1.1 Thema Beschreibung}{chapter.1}% 3
\BOOKMARK [1][-]{section.1.2}{1.2 Motivation}{chapter.1}% 4
\BOOKMARK [1][-]{section.1.3}{1.3 Projektziele und/oder Aufgabenbereiche}{chapter.1}% 5
\BOOKMARK [1][-]{section.1.4}{1.4 Inhaltsangabe}{chapter.1}% 6
\BOOKMARK [0][]{chapter.2}{2 Stand der Technik}{}% 7
\BOOKMARK [0][]{chapter.3}{3 Analyse}{}% 8
\BOOKMARK [1][-]{section.3.1}{3.1 Datensammlung}{chapter.3}% 9
\BOOKMARK [1][-]{section.3.2}{3.2 Auswertung}{chapter.3}% 10
\BOOKMARK [1][-]{section.3.3}{3.3 Ergebnisse}{chapter.3}% 11
\BOOKMARK [0][]{chapter.4}{4 Planung}{}% 12
\BOOKMARK [1][-]{section.4.1}{4.1 Userstories}{chapter.4}% 13
\BOOKMARK [1][-]{section.4.2}{4.2 Entwurf}{chapter.4}% 14
\BOOKMARK [2][-]{subsection.4.2.1}{4.2.1 Personas}{section.4.2}% 15
\BOOKMARK [2][-]{subsection.4.2.2}{4.2.2 MockUps}{section.4.2}% 16
\BOOKMARK [0][]{chapter.5}{5 Implementierung}{}% 17
\BOOKMARK [1][-]{section.5.1}{5.1 Projektbeschreibung}{chapter.5}% 18
\BOOKMARK [1][-]{section.5.2}{5.2 Arbeitsschritte/Arbeitsablauf}{chapter.5}% 19
\BOOKMARK [2][-]{subsection.5.2.1}{5.2.1 Eigene Arbeitspakete/Taetigkeiten}{section.5.2}% 20
\BOOKMARK [0][]{chapter.6}{6 Ausblick}{}% 21
\BOOKMARK [0][]{chapter.7}{7 Zusammenfassung}{}% 22
\BOOKMARK [0][]{chapter.8}{8 Beispiel - Kapitel}{}% 23
\BOOKMARK [1][-]{section.8.1}{8.1 Zitieren}{chapter.8}% 24
\BOOKMARK [1][-]{section.8.2}{8.2 Bild einfuegen}{chapter.8}% 25
\BOOKMARK [2][-]{subsection.8.2.1}{8.2.1 Ein Bild skaliert}{section.8.2}% 26
\BOOKMARK [2][-]{subsection.8.2.2}{8.2.2 Zwei Bilder nebeneinander oder untereinander}{section.8.2}% 27
\BOOKMARK [1][-]{section.8.3}{8.3 Tabellen}{chapter.8}% 28
\BOOKMARK [0][]{table.8.2}{Literaturverzeichnis}{}% 29
